<?xml version="1.0" encoding="UTF-8"?>
<Configuration name="quorum" status="ERROR">
  <Appenders>
    <Console name="STDOUT" target="SYSTEM_OUT">
      		<PatternLayout>
      		 	<Pattern>%d{HH:mm:ss.SSS} %C{1} %-5level  - %msg%n</Pattern>
      		</PatternLayout>
    </Console>
  </Appenders>

	<Loggers>
		<Root level="INFO">
			<AppenderRef ref="STDOUT"/>
		</Root>

		<logger name="com.hoddmimes" level="INFO" additivity="false">
			<AppenderRef ref="STDOUT"/>
		</logger>
	</Loggers>
</Configuration>
